2025-07-03 05:28:47.319 [info] 2025-07-03T05:28:43.246Z extension INFO  Activating extension... [
  {
    id: 'mongodb.mongodb-vscode',
    version: '1.13.3',
    mode: 'Production',
    kind: 'Workspace',
    extensionPath: '/home/jpalzani/.codeoss/extensions/mongodb.mongodb-vscode-1.13.3-universal',
    logPath: '/home/jpalzani/.codeoss/data/logs/20250703T032514/exthost6/mongodb.mongodb-vscode',
    workspaceStoragePath: '/home/jpalzani/.codeoss/data/User/workspaceStorage/-46fe4a1f/mongodb.mongodb-vscode',
    globalStoragePath: '/home/jpalzani/.codeoss/data/User/globalStorage/mongodb.mongodb-vscode',
    defaultConnectionSavingLocation: 'Global',
    buildInfo: {
      nodeVersion: 'v20.18.3',
      runtimePlatform: 'linux',
      runtimeArch: 'x64'
    }
  }
]

2025-07-03 05:28:47.319 [info] 2025-07-03T05:28:43.249Z language server controller INFO  Creating MongoDB Language Server... [
  {
    extensionPath: '/home/jpalzani/.codeoss/extensions/mongodb.mongodb-vscode-1.13.3-universal',
    languageServer: {
      id: 'mongodbLanguageServer',
      name: 'MongoDB Language Server',
      path: '/home/jpalzani/.codeoss/extensions/mongodb.mongodb-vscode-1.13.3-universal/dist/languageServer.js',
      documentSelector: '[{"pattern":"**/*.mongodb.js"},{"pattern":"**/*.mongodb"}]'
    }
  }
]

2025-07-03 05:28:47.319 [info] 2025-07-03T05:28:43.265Z participant INFO  Chat participant created [ { participantId: 'mongodb.participant' } ]

2025-07-03 05:28:47.319 [info] 2025-07-03T05:28:43.288Z language server controller INFO  Starting the language server... []

2025-07-03 05:28:47.319 [info] 2025-07-03T05:28:43.570Z telemetry INFO  Segment analytics activated [
  {
    anonymousId: '6a6c164e-3e73-4cda-919a-7f96c398602f',
    traits: {
      device_id: 'f35310ad526556d85e247cf153bb7662c70bba2161bcdb24af8b2b8f35e9c5d3'
    }
  }
]

2025-07-03 05:28:47.354 [info] 2025-07-03T05:28:47.353Z language server controller INFO  MongoDBService initialized. Sending default settings... {"extensionPath":"/home/jpalzani/.codeoss/extensions/mongodb.mongodb-vscode-1.13.3-universal","connectionId":null,"hasConnectionString":false,"hasConnectionOptions":false} []

