2025-07-03 05:28:47.388 [info] [main] Log level: Info
2025-07-03 05:28:47.388 [info] [main] Validating found git in: "git"
2025-07-03 05:28:47.388 [info] [main] Using git "2.43.0" from "git"
2025-07-03 05:28:47.388 [info] [Model][doInitialScan] Initial repository scan started
2025-07-03 05:28:47.388 [info] > git rev-parse --show-toplevel [3750ms]
2025-07-03 05:28:47.388 [info] > git rev-parse --git-dir --git-common-dir [7ms]
2025-07-03 05:28:47.388 [info] [Model][openRepository] Opened repository: /home/jpalzani
2025-07-03 05:28:47.390 [info] > git config --get commit.template [2ms]
2025-07-03 05:28:47.409 [info] > git for-each-ref --format=%(refname)%00%(upstream:short)%00%(objectname)%00%(upstream:track)%00%(upstream:remotename)%00%(upstream:remoteref) refs/heads/main refs/remotes/main [10ms]
2025-07-03 05:28:47.438 [info] > git for-each-ref --sort -committerdate --format %(refname)%00%(objectname)%00%(*objectname) [2ms]
2025-07-03 05:28:47.439 [info] > git rev-parse --show-toplevel [31ms]
2025-07-03 05:28:47.452 [info] > git rev-parse --show-toplevel [2ms]
2025-07-03 05:28:47.464 [info] > git rev-parse --show-toplevel [4ms]
2025-07-03 05:28:47.475 [info] > git rev-parse --show-toplevel [2ms]
2025-07-03 05:28:47.484 [info] > git status -z -uall [66ms]
2025-07-03 05:28:47.638 [info] > git for-each-ref --format=%(refname)%00%(upstream:short)%00%(objectname)%00%(upstream:track)%00%(upstream:remotename)%00%(upstream:remoteref) refs/heads/main refs/remotes/main [137ms]
2025-07-03 05:28:47.647 [info] > git rev-parse --show-toplevel [165ms]
2025-07-03 05:28:47.724 [info] > git config --get --local branch.main.vscode-merge-base [77ms]
2025-07-03 05:28:47.725 [warning] [Git][config] git config failed: Failed to execute git
2025-07-03 05:28:47.733 [info] > git config --get commit.template [220ms]
2025-07-03 05:28:47.737 [info] > git rev-parse --show-toplevel [54ms]
2025-07-03 05:28:47.748 [info] > git reflog main --grep-reflog=branch: Created from *. [15ms]
2025-07-03 05:28:47.769 [info] > git for-each-ref --format=%(refname)%00%(upstream:short)%00%(objectname)%00%(upstream:track)%00%(upstream:remotename)%00%(upstream:remoteref) refs/heads/main refs/remotes/main [23ms]
2025-07-03 05:28:47.802 [info] > git rev-parse --show-toplevel [39ms]
2025-07-03 05:28:47.803 [info] > git symbolic-ref --short refs/remotes/origin/HEAD [47ms]
2025-07-03 05:28:47.803 [info] fatal: ref refs/remotes/origin/HEAD is not a symbolic ref
2025-07-03 05:28:47.803 [warning] [Repository][getDefaultBranch] Failed to get default branch details: Failed to execute git.
2025-07-03 05:28:47.815 [info] > git for-each-ref --sort -committerdate --format %(refname)%00%(objectname)%00%(*objectname) [21ms]
2025-07-03 05:28:47.817 [info] > git rev-parse --show-toplevel [3ms]
2025-07-03 05:28:47.829 [info] > git rev-parse --show-toplevel [2ms]
2025-07-03 05:28:47.830 [info] [Model][doInitialScan] Initial repository scan completed - repositories (1), closed repositories (0), parent repositories (0), unsafe repositories (0)
2025-07-03 05:28:47.841 [info] > git status -z -uall [64ms]
2025-07-03 05:28:48.209 [info] > git check-ignore -v -z --stdin [10ms]
2025-07-03 05:28:49.774 [info] > git config --get commit.template [3ms]
2025-07-03 05:28:49.783 [info] > git for-each-ref --format=%(refname)%00%(upstream:short)%00%(objectname)%00%(upstream:track)%00%(upstream:remotename)%00%(upstream:remoteref) refs/heads/main refs/remotes/main [2ms]
2025-07-03 05:28:49.804 [info] > git for-each-ref --sort -committerdate --format %(refname)%00%(objectname)%00%(*objectname) [1ms]
2025-07-03 05:28:49.849 [info] > git status -z -uall [59ms]
2025-07-03 05:28:57.804 [info] > git check-ignore -v -z --stdin [8ms]
2025-07-03 05:29:01.583 [info] > git log --format=%H%n%aN%n%aE%n%at%n%ct%n%P%n%D%n%B -z --shortstat --diff-merges=first-parent -n50 --skip=0 --topo-order --decorate=full --stdin [4312ms]
2025-07-03 05:29:18.801 [info] > git check-ignore -v -z --stdin [21ms]
2025-07-03 05:29:52.971 [info] > git config --get commit.template [5ms]
2025-07-03 05:29:52.987 [info] > git for-each-ref --format=%(refname)%00%(upstream:short)%00%(objectname)%00%(upstream:track)%00%(upstream:remotename)%00%(upstream:remoteref) refs/heads/main refs/remotes/main [2ms]
2025-07-03 05:29:53.016 [info] > git for-each-ref --sort -committerdate --format %(refname)%00%(objectname)%00%(*objectname) [4ms]
2025-07-03 05:29:53.052 [info] > git status -z -uall [56ms]
