2025-06-10 02:35:40.596 [info] 2025-06-10T02:35:40.291Z extension INFO  Activating extension... [
  {
    id: 'mongodb.mongodb-vscode',
    version: '1.13.2',
    mode: 'Production',
    kind: 'Workspace',
    extensionPath: '/home/jpalzani/.codeoss/extensions/mongodb.mongodb-vscode-1.13.2-universal',
    logPath: '/home/jpalzani/.codeoss/data/logs/20250610T021517/exthost2/mongodb.mongodb-vscode',
    workspaceStoragePath: undefined,
    globalStoragePath: '/home/jpalzani/.codeoss/data/User/globalStorage/mongodb.mongodb-vscode',
    defaultConnectionSavingLocation: 'Global',
    buildInfo: {
      nodeVersion: 'v20.16.0',
      runtimePlatform: 'linux',
      runtimeArch: 'x64'
    }
  }
]

2025-06-10 02:35:40.597 [info] 2025-06-10T02:35:40.295Z language server controller INFO  Creating MongoDB Language Server... [
  {
    extensionPath: '/home/jpalzani/.codeoss/extensions/mongodb.mongodb-vscode-1.13.2-universal',
    languageServer: {
      id: 'mongodbLanguageServer',
      name: 'MongoDB Language Server',
      path: '/home/jpalzani/.codeoss/extensions/mongodb.mongodb-vscode-1.13.2-universal/dist/languageServer.js',
      documentSelector: '[{"pattern":"**/*.mongodb.js"},{"pattern":"**/*.mongodb"}]'
    }
  }
]

2025-06-10 02:35:40.597 [info] 2025-06-10T02:35:40.313Z participant INFO  Chat participant created [ { participantId: 'mongodb.participant' } ]

2025-06-10 02:35:40.597 [info] 2025-06-10T02:35:40.346Z language server controller INFO  Starting the language server... []

2025-06-10 02:35:40.597 [info] 2025-06-10T02:35:40.592Z telemetry INFO  Segment analytics activated [
  {
    anonymousId: '646854a7-8df3-4d19-80cd-0c4b84962f01',
    traits: {
      device_id: '2463faca1141add77f685d12b4fca84e1242b660a0843a13450e6d7515629157'
    }
  }
]

2025-06-10 02:35:43.065 [info] 2025-06-10T02:35:43.065Z language server controller INFO  MongoDBService initialized. Sending default settings... {"extensionPath":"/home/jpalzani/.codeoss/extensions/mongodb.mongodb-vscode-1.13.2-universal","connectionId":null,"hasConnectionString":false,"hasConnectionOptions":false} []

