2025-07-03 05:17:41.562 [info] 2025-07-03T05:17:41.256Z extension INFO  Activating extension... [
  {
    id: 'mongodb.mongodb-vscode',
    version: '1.13.3',
    mode: 'Production',
    kind: 'Workspace',
    extensionPath: '/home/jpalzani/.codeoss/extensions/mongodb.mongodb-vscode-1.13.3-universal',
    logPath: '/home/jpalzani/.codeoss/data/logs/20250703T032514/exthost5/mongodb.mongodb-vscode',
    workspaceStoragePath: undefined,
    globalStoragePath: '/home/jpalzani/.codeoss/data/User/globalStorage/mongodb.mongodb-vscode',
    defaultConnectionSavingLocation: 'Global',
    buildInfo: {
      nodeVersion: 'v20.18.3',
      runtimePlatform: 'linux',
      runtimeArch: 'x64'
    }
  }
]

2025-07-03 05:17:41.562 [info] 2025-07-03T05:17:41.259Z language server controller INFO  Creating MongoDB Language Server... [
  {
    extensionPath: '/home/jpalzani/.codeoss/extensions/mongodb.mongodb-vscode-1.13.3-universal',
    languageServer: {
      id: 'mongodbLanguageServer',
      name: 'MongoDB Language Server',
      path: '/home/jpalzani/.codeoss/extensions/mongodb.mongodb-vscode-1.13.3-universal/dist/languageServer.js',
      documentSelector: '[{"pattern":"**/*.mongodb.js"},{"pattern":"**/*.mongodb"}]'
    }
  }
]

2025-07-03 05:17:41.562 [info] 2025-07-03T05:17:41.273Z participant INFO  Chat participant created [ { participantId: 'mongodb.participant' } ]

2025-07-03 05:17:41.562 [info] 2025-07-03T05:17:41.321Z language server controller INFO  Starting the language server... []

2025-07-03 05:17:41.562 [info] 2025-07-03T05:17:41.531Z telemetry INFO  Segment analytics activated [
  {
    anonymousId: '6a6c164e-3e73-4cda-919a-7f96c398602f',
    traits: {
      device_id: 'f35310ad526556d85e247cf153bb7662c70bba2161bcdb24af8b2b8f35e9c5d3'
    }
  }
]

2025-07-03 05:17:45.584 [info] 2025-07-03T05:17:45.581Z webview controller INFO  Opening webview... []

2025-07-03 05:17:45.587 [info] 2025-07-03T05:17:45.587Z language server controller INFO  MongoDBService initialized. Sending default settings... {"extensionPath":"/home/jpalzani/.codeoss/extensions/mongodb.mongodb-vscode-1.13.3-universal","connectionId":null,"hasConnectionString":false,"hasConnectionOptions":false} []

2025-07-03 05:17:52.047 [info] 2025-07-03T05:17:52.047Z telemetry INFO  Telemetry sent [
  {
    anonymousId: '6a6c164e-3e73-4cda-919a-7f96c398602f',
    event: 'Command Run',
    properties: {
      extension_version: '1.13.3',
      device_id: 'f35310ad526556d85e247cf153bb7662c70bba2161bcdb24af8b2b8f35e9c5d3',
      command: 'mdb.openOverviewPage'
    }
  }
]

2025-07-03 05:28:31.480 [info] 2025-07-03T05:28:31.468Z extension INFO  Deactivating extension... []

2025-07-03 05:28:31.480 [info] 2025-07-03T05:28:31.468Z connection controller INFO  Disconnect called, currently connected to [ null ]

2025-07-03 05:28:31.480 [info] 2025-07-03T05:28:31.469Z language server controller INFO  Changing MongoDBService active connection... [ { connectionId: null } ]

2025-07-03 05:28:31.480 [info] 2025-07-03T05:28:31.469Z connection controller ERROR Unable to disconnect: no active connection []

2025-07-03 05:28:31.481 [info] 2025-07-03T05:28:31.476Z connection controller INFO  Disconnect called, currently connected to [ null ]

2025-07-03 05:28:31.481 [info] 2025-07-03T05:28:31.476Z language server controller INFO  Changing MongoDBService active connection... [ { connectionId: null } ]

2025-07-03 05:28:31.481 [info] 2025-07-03T05:28:31.476Z connection controller ERROR Unable to disconnect: no active connection []

2025-07-03 05:28:31.482 [info] 2025-07-03T05:28:31.480Z language server controller INFO  Deactivating the language server... []

2025-07-03 05:28:31.482 [info] 2025-07-03T05:28:31.481Z language server controller INFO  Deactivating the language server... []

