2025-05-19 15:25:18.800 [info] 2025-05-19T15:25:18.752Z extension INFO  Activating extension... [
  {
    id: 'mongodb.mongodb-vscode',
    version: '1.13.2',
    mode: 'Production',
    kind: 'Workspace',
    extensionPath: '/home/jpalzani/.codeoss/extensions/mongodb.mongodb-vscode-1.13.2-universal',
    logPath: '/home/jpalzani/.codeoss/data/logs/20250519T151835/exthost1/mongodb.mongodb-vscode',
    workspaceStoragePath: undefined,
    globalStoragePath: '/home/jpalzani/.codeoss/data/User/globalStorage/mongodb.mongodb-vscode',
    defaultConnectionSavingLocation: 'Global',
    buildInfo: {
      nodeVersion: 'v20.16.0',
      runtimePlatform: 'linux',
      runtimeArch: 'x64'
    }
  }
]

2025-05-19 15:25:18.800 [info] 2025-05-19T15:25:18.754Z language server controller INFO  Creating MongoDB Language Server... [
  {
    extensionPath: '/home/jpalzani/.codeoss/extensions/mongodb.mongodb-vscode-1.13.2-universal',
    languageServer: {
      id: 'mongodbLanguageServer',
      name: 'MongoDB Language Server',
      path: '/home/jpalzani/.codeoss/extensions/mongodb.mongodb-vscode-1.13.2-universal/dist/languageServer.js',
      documentSelector: '[{"pattern":"**/*.mongodb.js"},{"pattern":"**/*.mongodb"}]'
    }
  }
]

2025-05-19 15:25:18.800 [info] 2025-05-19T15:25:18.766Z participant INFO  Chat participant created [ { participantId: 'mongodb.participant' } ]

2025-05-19 15:25:18.800 [info] 2025-05-19T15:25:18.768Z language server controller INFO  Starting the language server... []

2025-05-19 15:25:18.813 [info] 2025-05-19T15:25:18.813Z telemetry INFO  Segment analytics activated [
  {
    anonymousId: 'eb25f480-bc99-41d5-b8ec-587fd8c58218',
    traits: {
      device_id: '27be11c4fd834fd9d1600b355e7b34b48816f25dd4e2840e76ed408e60102ee0'
    }
  }
]

2025-05-19 15:25:19.377 [info] 2025-05-19T15:25:19.374Z webview controller INFO  Opening webview... []

2025-05-19 15:25:19.379 [info] 2025-05-19T15:25:19.379Z language server controller INFO  MongoDBService initialized. Sending default settings... {"extensionPath":"/home/jpalzani/.codeoss/extensions/mongodb.mongodb-vscode-1.13.2-universal","connectionId":null,"hasConnectionString":false,"hasConnectionOptions":false} []

2025-05-19 15:25:29.144 [info] 2025-05-19T15:25:29.144Z telemetry INFO  Telemetry sent [
  {
    anonymousId: 'eb25f480-bc99-41d5-b8ec-587fd8c58218',
    event: 'Command Run',
    properties: {
      extension_version: '1.13.2',
      device_id: '27be11c4fd834fd9d1600b355e7b34b48816f25dd4e2840e76ed408e60102ee0',
      command: 'mdb.openOverviewPage'
    }
  }
]

2025-05-19 15:45:02.059 [info] 2025-05-19T15:45:02.050Z extension INFO  Deactivating extension... []

2025-05-19 15:45:02.059 [info] 2025-05-19T15:45:02.050Z connection controller INFO  Disconnect called, currently connected to [ null ]

2025-05-19 15:45:02.059 [info] 2025-05-19T15:45:02.052Z language server controller INFO  Changing MongoDBService active connection... [ { connectionId: null } ]

2025-05-19 15:45:02.059 [info] 2025-05-19T15:45:02.052Z connection controller ERROR Unable to disconnect: no active connection []

2025-05-19 15:45:02.059 [info] 2025-05-19T15:45:02.055Z connection controller INFO  Disconnect called, currently connected to [ null ]

2025-05-19 15:45:02.059 [info] 2025-05-19T15:45:02.055Z language server controller INFO  Changing MongoDBService active connection... [ { connectionId: null } ]

2025-05-19 15:45:02.059 [info] 2025-05-19T15:45:02.055Z connection controller ERROR Unable to disconnect: no active connection []

2025-05-19 15:45:02.061 [info] 2025-05-19T15:45:02.059Z language server controller INFO  Deactivating the language server... []

2025-05-19 15:45:02.061 [info] 2025-05-19T15:45:02.059Z language server controller INFO  Deactivating the language server... []

