2025-06-10T02:15:42:214 [info]: fetch: Detected no proxy settings
2025-06-10T02:15:42:233 [info]: [SupportedLanguageService] Initialized. Enabling the default Code Suggestions languages: c,cpp,csharp,go,haml,handlebars,java,javascript,javascriptreact,kotlin,python,php,ruby,rust,scala,shellscript,sql,swift,typescript,typescriptreact,svelte,terraform,terragrunt,vue
2025-06-10T02:15:42:334 [info]: GitLab Language Server is starting (v7.31.0)
2025-06-10T02:15:42:336 [info]: Applying 2 endpoints to connection.
2025-06-10T02:15:42:373 [info]: Building webview path for chat
2025-06-10T02:15:42:373 [info]: WEBVIEW_PATH: /home/jpalzani/.codeoss/extensions/gitlab.gitlab-workflow-6.13.1-universal/assets/language-server/webviews/chat
2025-06-10T02:15:42:382 [info]: Building webview path for duo-workflow-panel
2025-06-10T02:15:42:382 [info]: WEBVIEW_PATH: /home/jpalzani/.codeoss/extensions/gitlab.gitlab-workflow-6.13.1-universal/assets/language-server/webviews/duo-workflow-panel
2025-06-10T02:15:42:384 [info]: Building webview path for duo-workflow
2025-06-10T02:15:42:384 [info]: WEBVIEW_PATH: /home/jpalzani/.codeoss/extensions/gitlab.gitlab-workflow-6.13.1-universal/assets/language-server/webviews/duo-workflow
2025-06-10T02:15:42:386 [info]: Building webview path for duo-chat
2025-06-10T02:15:42:386 [info]: WEBVIEW_PATH: /home/jpalzani/.codeoss/extensions/gitlab.gitlab-workflow-6.13.1-universal/assets/language-server/webviews/duo-chat
2025-06-10T02:15:42:388 [info]: Building webview path for agentic-duo-chat
2025-06-10T02:15:42:388 [info]: WEBVIEW_PATH: /home/jpalzani/.codeoss/extensions/gitlab.gitlab-workflow-6.13.1-universal/assets/language-server/webviews/agentic-duo-chat
2025-06-10T02:15:42:390 [info]: Building webview path for duo-chat-v2
2025-06-10T02:15:42:390 [info]: WEBVIEW_PATH: /home/jpalzani/.codeoss/extensions/gitlab.gitlab-workflow-6.13.1-universal/assets/language-server/webviews/duo-chat-v2
2025-06-10T02:15:42:392 [info]: Building webview path for security-vuln-details
2025-06-10T02:15:42:392 [info]: WEBVIEW_PATH: /home/jpalzani/.codeoss/extensions/gitlab.gitlab-workflow-6.13.1-universal/assets/language-server/webviews/security-vuln-details
2025-06-10T02:15:42:402 [info]: [HttpServer]: server listening on http://127.0.0.1:33897/
2025-06-10T02:15:42:406 [info]: GitLab Language Server has started
2025-06-10T02:15:42:506 [info]: [WorkflowRailsService] Updated agent privileges: 1,2
2025-06-10T02:15:42:512 [info]: [WorkflowRailsService] Updated agent privileges: 1,2
2025-06-10T02:15:42:518 [info]: [WorkflowRailsService] Updated agent privileges: 1,2
2025-06-10T02:15:42:523 [info]: [WorkflowRailsService] Updated agent privileges: 1,2
2025-06-10T02:15:42:529 [info]: [WorkflowRailsService] Updated agent privileges: 1,2
2025-06-10T02:15:42:669 [warning]: Error when checking a token validity
    {
      "message": "Fetching self from https://gitlab.com/api/v4/personal_access_tokens/self failed",
      "stack": [
        "Error: Fetching self from https://gitlab.com/api/v4/personal_access_tokens/self failed",
        "    at RV (/home/jpalzani/.codeoss/extensions/gitlab.gitlab-workflow-6.13.1-universal/assets/language-server/node/main-bundle.js:1880:3566)",
        "    at process.processTicksAndRejections (node:internal/process/task_queues:95:5)",
        "    at async #s (/home/jpalzani/.codeoss/extensions/gitlab.gitlab-workflow-6.13.1-universal/assets/language-server/node/main-bundle.js:1880:4981)",
        "    at async #c (/home/jpalzani/.codeoss/extensions/gitlab.gitlab-workflow-6.13.1-universal/assets/language-server/node/main-bundle.js:1880:8164)",
        "    at async Promise.all (index 0)",
        "    at async _ee.checkToken (/home/jpalzani/.codeoss/extensions/gitlab.gitlab-workflow-6.13.1-universal/assets/language-server/node/main-bundle.js:1880:8506)",
        "    at async _ee.configureApi (/home/jpalzani/.codeoss/extensions/gitlab.gitlab-workflow-6.13.1-universal/assets/language-server/node/main-bundle.js:1880:7236)",
        "    at async Object.<anonymous> (/home/jpalzani/.codeoss/extensions/gitlab.gitlab-workflow-6.13.1-universal/assets/language-server/node/main-bundle.js:1880:6775)"
      ],
      "response": {
        "status": 401,
        "headers": {},
        "body": "{\"message\":\"401 Unauthorized\"}"
      }
    }
2025-06-10T02:15:42:673 [info]: [WorkflowRailsService] Updated agent privileges: 1,2
2025-06-10T02:15:42:673 [warning]: Token is invalid. Token is invalid or expired.. Reason: invalid_token
This error originated either by throwing inside of an async function without a catch block, or by rejecting a promise which was not handled with .catch(). The promise rejected with the reason:
Error: The DefaultTokenCheckNotifier has not been initialized. Call init first.
    at Object.<anonymous> (/home/jpalzani/.codeoss/extensions/gitlab.gitlab-workflow-6.13.1-universal/assets/language-server/node/main-bundle.js:2506:7852)
    at EventEmitter.s (/home/jpalzani/.codeoss/extensions/gitlab.gitlab-workflow-6.13.1-universal/assets/language-server/node/main-bundle.js:1424:3199)
    at EventEmitter.emit (node:events:531:35)
    at bO.fire (/home/jpalzani/.codeoss/extensions/gitlab.gitlab-workflow-6.13.1-universal/assets/language-server/node/main-bundle.js:1424:3374)
    at _ee.configureApi (/home/jpalzani/.codeoss/extensions/gitlab.gitlab-workflow-6.13.1-universal/assets/language-server/node/main-bundle.js:1880:7422)
    at process.processTicksAndRejections (node:internal/process/task_queues:95:5)
    at async Object.<anonymous> (/home/jpalzani/.codeoss/extensions/gitlab.gitlab-workflow-6.13.1-universal/assets/language-server/node/main-bundle.js:1880:6775)
2025-06-10T02:15:42:689 [warning]: Error when checking a token validity
    {
      "message": "Fetching self from https://gitlab.com/api/v4/personal_access_tokens/self failed",
      "stack": [
        "Error: Fetching self from https://gitlab.com/api/v4/personal_access_tokens/self failed",
        "    at RV (/home/jpalzani/.codeoss/extensions/gitlab.gitlab-workflow-6.13.1-universal/assets/language-server/node/main-bundle.js:1880:3566)",
        "    at process.processTicksAndRejections (node:internal/process/task_queues:95:5)",
        "    at async #s (/home/jpalzani/.codeoss/extensions/gitlab.gitlab-workflow-6.13.1-universal/assets/language-server/node/main-bundle.js:1880:4981)",
        "    at async #c (/home/jpalzani/.codeoss/extensions/gitlab.gitlab-workflow-6.13.1-universal/assets/language-server/node/main-bundle.js:1880:8164)",
        "    at async Promise.all (index 0)",
        "    at async _ee.checkToken (/home/jpalzani/.codeoss/extensions/gitlab.gitlab-workflow-6.13.1-universal/assets/language-server/node/main-bundle.js:1880:8506)",
        "    at async _ee.configureApi (/home/jpalzani/.codeoss/extensions/gitlab.gitlab-workflow-6.13.1-universal/assets/language-server/node/main-bundle.js:1880:7236)",
        "    at async Object.<anonymous> (/home/jpalzani/.codeoss/extensions/gitlab.gitlab-workflow-6.13.1-universal/assets/language-server/node/main-bundle.js:1880:6775)"
      ],
      "response": {
        "status": 401,
        "headers": {},
        "body": "{\"message\":\"401 Unauthorized\"}"
      }
    }
2025-06-10T02:15:42:690 [warning]: Error when checking a token validity
    {
      "message": "Fetching self from https://gitlab.com/api/v4/personal_access_tokens/self failed",
      "stack": [
        "Error: Fetching self from https://gitlab.com/api/v4/personal_access_tokens/self failed",
        "    at RV (/home/jpalzani/.codeoss/extensions/gitlab.gitlab-workflow-6.13.1-universal/assets/language-server/node/main-bundle.js:1880:3566)",
        "    at process.processTicksAndRejections (node:internal/process/task_queues:95:5)",
        "    at async #s (/home/jpalzani/.codeoss/extensions/gitlab.gitlab-workflow-6.13.1-universal/assets/language-server/node/main-bundle.js:1880:4981)",
        "    at async #c (/home/jpalzani/.codeoss/extensions/gitlab.gitlab-workflow-6.13.1-universal/assets/language-server/node/main-bundle.js:1880:8164)",
        "    at async Promise.all (index 0)",
        "    at async _ee.checkToken (/home/jpalzani/.codeoss/extensions/gitlab.gitlab-workflow-6.13.1-universal/assets/language-server/node/main-bundle.js:1880:8506)",
        "    at async _ee.configureApi (/home/jpalzani/.codeoss/extensions/gitlab.gitlab-workflow-6.13.1-universal/assets/language-server/node/main-bundle.js:1880:7236)",
        "    at async Object.<anonymous> (/home/jpalzani/.codeoss/extensions/gitlab.gitlab-workflow-6.13.1-universal/assets/language-server/node/main-bundle.js:1880:6775)"
      ],
      "response": {
        "status": 401,
        "headers": {},
        "body": "{\"message\":\"401 Unauthorized\"}"
      }
    }
2025-06-10T02:15:42:692 [warning]: Error when checking a token validity
    {
      "message": "Fetching self from https://gitlab.com/api/v4/personal_access_tokens/self failed",
      "stack": [
        "Error: Fetching self from https://gitlab.com/api/v4/personal_access_tokens/self failed",
        "    at RV (/home/jpalzani/.codeoss/extensions/gitlab.gitlab-workflow-6.13.1-universal/assets/language-server/node/main-bundle.js:1880:3566)",
        "    at process.processTicksAndRejections (node:internal/process/task_queues:95:5)",
        "    at async #s (/home/jpalzani/.codeoss/extensions/gitlab.gitlab-workflow-6.13.1-universal/assets/language-server/node/main-bundle.js:1880:4981)",
        "    at async #c (/home/jpalzani/.codeoss/extensions/gitlab.gitlab-workflow-6.13.1-universal/assets/language-server/node/main-bundle.js:1880:8164)",
        "    at async Promise.all (index 0)",
        "    at async _ee.checkToken (/home/jpalzani/.codeoss/extensions/gitlab.gitlab-workflow-6.13.1-universal/assets/language-server/node/main-bundle.js:1880:8506)",
        "    at async _ee.configureApi (/home/jpalzani/.codeoss/extensions/gitlab.gitlab-workflow-6.13.1-universal/assets/language-server/node/main-bundle.js:1880:7236)",
        "    at async Object.<anonymous> (/home/jpalzani/.codeoss/extensions/gitlab.gitlab-workflow-6.13.1-universal/assets/language-server/node/main-bundle.js:1880:6775)"
      ],
      "response": {
        "status": 401,
        "headers": {},
        "body": "{\"message\":\"401 Unauthorized\"}"
      }
    }
2025-06-10T02:15:42:727 [warning]: Error when checking a token validity
    {
      "message": "Fetching self from https://gitlab.com/api/v4/personal_access_tokens/self failed",
      "stack": [
        "Error: Fetching self from https://gitlab.com/api/v4/personal_access_tokens/self failed",
        "    at RV (/home/jpalzani/.codeoss/extensions/gitlab.gitlab-workflow-6.13.1-universal/assets/language-server/node/main-bundle.js:1880:3566)",
        "    at process.processTicksAndRejections (node:internal/process/task_queues:95:5)",
        "    at async #s (/home/jpalzani/.codeoss/extensions/gitlab.gitlab-workflow-6.13.1-universal/assets/language-server/node/main-bundle.js:1880:4981)",
        "    at async #c (/home/jpalzani/.codeoss/extensions/gitlab.gitlab-workflow-6.13.1-universal/assets/language-server/node/main-bundle.js:1880:8164)",
        "    at async Promise.all (index 0)",
        "    at async _ee.checkToken (/home/jpalzani/.codeoss/extensions/gitlab.gitlab-workflow-6.13.1-universal/assets/language-server/node/main-bundle.js:1880:8506)",
        "    at async _ee.configureApi (/home/jpalzani/.codeoss/extensions/gitlab.gitlab-workflow-6.13.1-universal/assets/language-server/node/main-bundle.js:1880:7236)",
        "    at async Object.<anonymous> (/home/jpalzani/.codeoss/extensions/gitlab.gitlab-workflow-6.13.1-universal/assets/language-server/node/main-bundle.js:1880:6775)"
      ],
      "response": {
        "status": 401,
        "headers": {},
        "body": "{\"message\":\"401 Unauthorized\"}"
      }
    }
2025-06-10T02:15:42:784 [warning]: Error when checking a token validity
    {
      "message": "Fetching self from https://gitlab.com/api/v4/personal_access_tokens/self failed",
      "stack": [
        "Error: Fetching self from https://gitlab.com/api/v4/personal_access_tokens/self failed",
        "    at RV (/home/jpalzani/.codeoss/extensions/gitlab.gitlab-workflow-6.13.1-universal/assets/language-server/node/main-bundle.js:1880:3566)",
        "    at process.processTicksAndRejections (node:internal/process/task_queues:95:5)",
        "    at async #s (/home/jpalzani/.codeoss/extensions/gitlab.gitlab-workflow-6.13.1-universal/assets/language-server/node/main-bundle.js:1880:4981)",
        "    at async #c (/home/jpalzani/.codeoss/extensions/gitlab.gitlab-workflow-6.13.1-universal/assets/language-server/node/main-bundle.js:1880:8164)",
        "    at async Promise.all (index 0)",
        "    at async _ee.checkToken (/home/jpalzani/.codeoss/extensions/gitlab.gitlab-workflow-6.13.1-universal/assets/language-server/node/main-bundle.js:1880:8506)",
        "    at async _ee.configureApi (/home/jpalzani/.codeoss/extensions/gitlab.gitlab-workflow-6.13.1-universal/assets/language-server/node/main-bundle.js:1880:7236)",
        "    at async Object.<anonymous> (/home/jpalzani/.codeoss/extensions/gitlab.gitlab-workflow-6.13.1-universal/assets/language-server/node/main-bundle.js:1880:6775)"
      ],
      "response": {
        "status": 401,
        "headers": {},
        "body": "{\"message\":\"401 Unauthorized\"}"
      }
    }
2025-06-10T02:15:42:784 [warning]: Token is invalid. Token is invalid or expired.. Reason: invalid_token
This error originated either by throwing inside of an async function without a catch block, or by rejecting a promise which was not handled with .catch(). The promise rejected with the reason:
Error: The DefaultTokenCheckNotifier has not been initialized. Call init first.
    at Object.<anonymous> (/home/jpalzani/.codeoss/extensions/gitlab.gitlab-workflow-6.13.1-universal/assets/language-server/node/main-bundle.js:2506:7852)
    at EventEmitter.s (/home/jpalzani/.codeoss/extensions/gitlab.gitlab-workflow-6.13.1-universal/assets/language-server/node/main-bundle.js:1424:3199)
    at EventEmitter.emit (node:events:531:35)
    at bO.fire (/home/jpalzani/.codeoss/extensions/gitlab.gitlab-workflow-6.13.1-universal/assets/language-server/node/main-bundle.js:1424:3374)
    at _ee.configureApi (/home/jpalzani/.codeoss/extensions/gitlab.gitlab-workflow-6.13.1-universal/assets/language-server/node/main-bundle.js:1880:7422)
    at process.processTicksAndRejections (node:internal/process/task_queues:95:5)
    at async Object.<anonymous> (/home/jpalzani/.codeoss/extensions/gitlab.gitlab-workflow-6.13.1-universal/assets/language-server/node/main-bundle.js:1880:6775)
2025-06-10T02:15:43:530 [info]: [VirtualFileSystemService] Registering watchers
2025-06-10T02:15:43:541 [info]: [WorkflowRailsService] Updated agent privileges: 1,2
2025-06-10T02:15:43:650 [warning]: Error when checking a token validity
    {
      "message": "Fetching self from https://gitlab.com/api/v4/personal_access_tokens/self failed",
      "stack": [
        "Error: Fetching self from https://gitlab.com/api/v4/personal_access_tokens/self failed",
        "    at RV (/home/jpalzani/.codeoss/extensions/gitlab.gitlab-workflow-6.13.1-universal/assets/language-server/node/main-bundle.js:1880:3566)",
        "    at process.processTicksAndRejections (node:internal/process/task_queues:95:5)",
        "    at async #s (/home/jpalzani/.codeoss/extensions/gitlab.gitlab-workflow-6.13.1-universal/assets/language-server/node/main-bundle.js:1880:4981)",
        "    at async #c (/home/jpalzani/.codeoss/extensions/gitlab.gitlab-workflow-6.13.1-universal/assets/language-server/node/main-bundle.js:1880:8164)",
        "    at async Promise.all (index 0)",
        "    at async _ee.checkToken (/home/jpalzani/.codeoss/extensions/gitlab.gitlab-workflow-6.13.1-universal/assets/language-server/node/main-bundle.js:1880:8506)",
        "    at async _ee.configureApi (/home/jpalzani/.codeoss/extensions/gitlab.gitlab-workflow-6.13.1-universal/assets/language-server/node/main-bundle.js:1880:7236)",
        "    at async Object.<anonymous> (/home/jpalzani/.codeoss/extensions/gitlab.gitlab-workflow-6.13.1-universal/assets/language-server/node/main-bundle.js:1880:6775)"
      ],
      "response": {
        "status": 401,
        "headers": {},
        "body": "{\"message\":\"401 Unauthorized\"}"
      }
    }
2025-06-10T02:15:43:653 [info]: [WorkflowRailsService] Updated agent privileges: 1,2
2025-06-10T02:15:43:653 [warning]: Token is invalid. Token is invalid or expired.. Reason: invalid_token
2025-06-10T02:15:43:734 [warning]: Error when checking a token validity
    {
      "message": "Fetching self from https://gitlab.com/api/v4/personal_access_tokens/self failed",
      "stack": [
        "Error: Fetching self from https://gitlab.com/api/v4/personal_access_tokens/self failed",
        "    at RV (/home/jpalzani/.codeoss/extensions/gitlab.gitlab-workflow-6.13.1-universal/assets/language-server/node/main-bundle.js:1880:3566)",
        "    at process.processTicksAndRejections (node:internal/process/task_queues:95:5)",
        "    at async #s (/home/jpalzani/.codeoss/extensions/gitlab.gitlab-workflow-6.13.1-universal/assets/language-server/node/main-bundle.js:1880:4981)",
        "    at async #c (/home/jpalzani/.codeoss/extensions/gitlab.gitlab-workflow-6.13.1-universal/assets/language-server/node/main-bundle.js:1880:8164)",
        "    at async Promise.all (index 0)",
        "    at async _ee.checkToken (/home/jpalzani/.codeoss/extensions/gitlab.gitlab-workflow-6.13.1-universal/assets/language-server/node/main-bundle.js:1880:8506)",
        "    at async _ee.configureApi (/home/jpalzani/.codeoss/extensions/gitlab.gitlab-workflow-6.13.1-universal/assets/language-server/node/main-bundle.js:1880:7236)",
        "    at async Object.<anonymous> (/home/jpalzani/.codeoss/extensions/gitlab.gitlab-workflow-6.13.1-universal/assets/language-server/node/main-bundle.js:1880:6775)"
      ],
      "response": {
        "status": 401,
        "headers": {},
        "body": "{\"message\":\"401 Unauthorized\"}"
      }
    }
2025-06-10T02:15:43:734 [warning]: Token is invalid. Token is invalid or expired.. Reason: invalid_token
