2025-07-03 04:03:20.767 [info] 2025-07-03T04:03:20.653Z extension INFO  Activating extension... [
  {
    id: 'mongodb.mongodb-vscode',
    version: '1.13.3',
    mode: 'Production',
    kind: 'Workspace',
    extensionPath: '/home/jpalzani/.codeoss/extensions/mongodb.mongodb-vscode-1.13.3-universal',
    logPath: '/home/jpalzani/.codeoss/data/logs/20250703T032514/exthost2/mongodb.mongodb-vscode',
    workspaceStoragePath: undefined,
    globalStoragePath: '/home/jpalzani/.codeoss/data/User/globalStorage/mongodb.mongodb-vscode',
    defaultConnectionSavingLocation: 'Global',
    buildInfo: {
      nodeVersion: 'v20.18.3',
      runtimePlatform: 'linux',
      runtimeArch: 'x64'
    }
  }
]

2025-07-03 04:03:20.767 [info] 2025-07-03T04:03:20.656Z language server controller INFO  Creating MongoDB Language Server... [
  {
    extensionPath: '/home/jpalzani/.codeoss/extensions/mongodb.mongodb-vscode-1.13.3-universal',
    languageServer: {
      id: 'mongodbLanguageServer',
      name: 'MongoDB Language Server',
      path: '/home/jpalzani/.codeoss/extensions/mongodb.mongodb-vscode-1.13.3-universal/dist/languageServer.js',
      documentSelector: '[{"pattern":"**/*.mongodb.js"},{"pattern":"**/*.mongodb"}]'
    }
  }
]

2025-07-03 04:03:20.767 [info] 2025-07-03T04:03:20.671Z participant INFO  Chat participant created [ { participantId: 'mongodb.participant' } ]

2025-07-03 04:03:20.767 [info] 2025-07-03T04:03:20.766Z telemetry INFO  Segment analytics activated [
  {
    anonymousId: 'fc9009c9-04a4-4c7e-89c9-d5a9f436720c',
    traits: {
      device_id: 'f35310ad526556d85e247cf153bb7662c70bba2161bcdb24af8b2b8f35e9c5d3'
    }
  }
]

2025-07-03 04:03:20.963 [info] 2025-07-03T04:03:20.961Z language server controller INFO  Starting the language server... []

2025-07-03 04:03:23.698 [info] 2025-07-03T04:03:23.697Z language server controller INFO  MongoDBService initialized. Sending default settings... {"extensionPath":"/home/jpalzani/.codeoss/extensions/mongodb.mongodb-vscode-1.13.3-universal","connectionId":null,"hasConnectionString":false,"hasConnectionOptions":false} []

2025-07-03 04:11:01.792 [info] 2025-07-03T04:11:01.779Z extension INFO  Deactivating extension... []

2025-07-03 04:11:01.792 [info] 2025-07-03T04:11:01.779Z connection controller INFO  Disconnect called, currently connected to [ null ]

2025-07-03 04:11:01.792 [info] 2025-07-03T04:11:01.779Z language server controller INFO  Changing MongoDBService active connection... [ { connectionId: null } ]

2025-07-03 04:11:01.792 [info] 2025-07-03T04:11:01.780Z connection controller ERROR Unable to disconnect: no active connection []

2025-07-03 04:11:01.792 [info] 2025-07-03T04:11:01.785Z connection controller INFO  Disconnect called, currently connected to [ null ]

2025-07-03 04:11:01.792 [info] 2025-07-03T04:11:01.785Z language server controller INFO  Changing MongoDBService active connection... [ { connectionId: null } ]

2025-07-03 04:11:01.792 [info] 2025-07-03T04:11:01.785Z connection controller ERROR Unable to disconnect: no active connection []

2025-07-03 04:11:01.794 [info] 2025-07-03T04:11:01.792Z language server controller INFO  Deactivating the language server... []

2025-07-03 04:11:01.794 [info] 2025-07-03T04:11:01.792Z language server controller INFO  Deactivating the language server... []

