2025-07-03 05:28:48.315 [info] Reading sessions from keychain...
2025-07-03 05:28:48.315 [info] Getting sessions for all scopes...
2025-07-03 05:28:48.315 [info] Got 0 sessions for ...
2025-07-03 05:28:48.361 [info] Getting sessions for read:user,repo,user:email,workflow...
2025-07-03 05:28:48.361 [info] Got 0 sessions for read:user,repo,user:email,workflow...
2025-07-03 05:29:01.693 [info] Getting sessions for read:user,repo,user:email,workflow...
2025-07-03 05:29:01.693 [info] Got 0 sessions for read:user,repo,user:email,workflow...
2025-07-03 05:34:04.377 [info] Getting sessions for read:user,repo,user:email,workflow...
2025-07-03 05:34:04.377 [info] Got 0 sessions for read:user,repo,user:email,workflow...
2025-07-03 05:34:06.377 [info] Logging in with 'any' account...
2025-07-03 05:34:06.377 [info] Logging in for the following scopes: read:user repo user:email workflow
2025-07-03 05:34:06.530 [info] Trying device code flow... (read:user repo user:email workflow)
2025-07-03 05:34:51.715 [info] Getting user info...
2025-07-03 05:34:51.951 [info] Got account info!
2025-07-03 05:34:51.952 [info] Storing 1 sessions...
2025-07-03 05:34:52.193 [info] Reading sessions from keychain...
2025-07-03 05:34:52.193 [info] Stored 1 sessions!
2025-07-03 05:34:52.194 [info] Login success!
2025-07-03 05:34:52.311 [info] Got stored sessions!
2025-07-03 05:34:52.311 [info] Got 1 verified sessions.
2025-07-03 05:34:52.491 [info] Getting sessions for read:user,repo,user:email,workflow...
2025-07-03 05:34:52.491 [info] Got 1 sessions for read:user,repo,user:email,workflow...
2025-07-03 05:34:53.081 [info] Getting sessions for read:user,repo,user:email,workflow...
2025-07-03 05:34:53.081 [info] Got 1 sessions for read:user,repo,user:email,workflow...
2025-07-03 05:35:08.649 [info] Getting sessions for read:user,repo,user:email,workflow...
2025-07-03 05:35:08.649 [info] Got 1 sessions for read:user,repo,user:email,workflow...
2025-07-03 05:35:09.301 [info] Getting sessions for read:user,repo,user:email,workflow...
2025-07-03 05:35:09.301 [info] Got 1 sessions for read:user,repo,user:email,workflow...
