2025-07-03 04:18:58.071 [info] 2025-07-03T04:18:57.769Z extension INFO  Activating extension... [
  {
    id: 'mongodb.mongodb-vscode',
    version: '1.13.3',
    mode: 'Production',
    kind: 'Workspace',
    extensionPath: '/home/jpalzani/.codeoss/extensions/mongodb.mongodb-vscode-1.13.3-universal',
    logPath: '/home/jpalzani/.codeoss/data/logs/20250703T032514/exthost4/mongodb.mongodb-vscode',
    workspaceStoragePath: '/home/jpalzani/.codeoss/data/User/workspaceStorage/6735066e/mongodb.mongodb-vscode',
    globalStoragePath: '/home/jpalzani/.codeoss/data/User/globalStorage/mongodb.mongodb-vscode',
    defaultConnectionSavingLocation: 'Global',
    buildInfo: {
      nodeVersion: 'v20.18.3',
      runtimePlatform: 'linux',
      runtimeArch: 'x64'
    }
  }
]

2025-07-03 04:18:58.071 [info] 2025-07-03T04:18:57.773Z language server controller INFO  Creating MongoDB Language Server... [
  {
    extensionPath: '/home/jpalzani/.codeoss/extensions/mongodb.mongodb-vscode-1.13.3-universal',
    languageServer: {
      id: 'mongodbLanguageServer',
      name: 'MongoDB Language Server',
      path: '/home/jpalzani/.codeoss/extensions/mongodb.mongodb-vscode-1.13.3-universal/dist/languageServer.js',
      documentSelector: '[{"pattern":"**/*.mongodb.js"},{"pattern":"**/*.mongodb"}]'
    }
  }
]

2025-07-03 04:18:58.071 [info] 2025-07-03T04:18:57.787Z participant INFO  Chat participant created [ { participantId: 'mongodb.participant' } ]

2025-07-03 04:18:58.071 [info] 2025-07-03T04:18:57.968Z language server controller INFO  Starting the language server... []

2025-07-03 04:18:58.071 [info] 2025-07-03T04:18:58.046Z telemetry INFO  Segment analytics activated [
  {
    anonymousId: 'fc9009c9-04a4-4c7e-89c9-d5a9f436720c',
    traits: {
      device_id: 'f35310ad526556d85e247cf153bb7662c70bba2161bcdb24af8b2b8f35e9c5d3'
    }
  }
]

2025-07-03 04:19:01.910 [info] 2025-07-03T04:19:01.910Z language server controller INFO  MongoDBService initialized. Sending default settings... {"extensionPath":"/home/jpalzani/.codeoss/extensions/mongodb.mongodb-vscode-1.13.3-universal","connectionId":null,"hasConnectionString":false,"hasConnectionOptions":false} []

2025-07-03 05:17:29.259 [info] 2025-07-03T05:17:29.248Z extension INFO  Deactivating extension... []

2025-07-03 05:17:29.260 [info] 2025-07-03T05:17:29.248Z connection controller INFO  Disconnect called, currently connected to [ null ]

2025-07-03 05:17:29.260 [info] 2025-07-03T05:17:29.249Z language server controller INFO  Changing MongoDBService active connection... [ { connectionId: null } ]

2025-07-03 05:17:29.260 [info] 2025-07-03T05:17:29.249Z connection controller ERROR Unable to disconnect: no active connection []

2025-07-03 05:17:29.260 [info] 2025-07-03T05:17:29.254Z connection controller INFO  Disconnect called, currently connected to [ null ]

2025-07-03 05:17:29.260 [info] 2025-07-03T05:17:29.254Z language server controller INFO  Changing MongoDBService active connection... [ { connectionId: null } ]

2025-07-03 05:17:29.260 [info] 2025-07-03T05:17:29.254Z connection controller ERROR Unable to disconnect: no active connection []

2025-07-03 05:17:29.262 [info] 2025-07-03T05:17:29.260Z language server controller INFO  Deactivating the language server... []

2025-07-03 05:17:29.262 [info] 2025-07-03T05:17:29.260Z language server controller INFO  Deactivating the language server... []

