2025-07-03 04:24:03.855 [info] Reading sessions from keychain...
2025-07-03 04:24:03.855 [info] Getting sessions for all scopes...
2025-07-03 04:24:03.855 [info] Got 0 sessions for ...
2025-07-03 04:24:03.962 [info] Getting sessions for read:user,repo,user:email,workflow...
2025-07-03 04:24:03.962 [info] Got 0 sessions for read:user,repo,user:email,workflow...
2025-07-03 04:24:04.358 [info] Getting sessions for read:user,repo,user:email,workflow...
2025-07-03 04:24:04.358 [info] Got 0 sessions for read:user,repo,user:email,workflow...
2025-07-03 04:24:07.679 [info] Logging in with 'any' account...
2025-07-03 04:24:07.679 [info] Logging in for the following scopes: read:user repo user:email workflow
2025-07-03 04:24:07.800 [info] Trying device code flow... (read:user repo user:email workflow)
2025-07-03 04:26:18.039 [error] Timed out
2025-07-03 04:26:38.221 [info] Trying to retrieve PAT... (read:user repo user:email workflow)
2025-07-03 04:32:19.264 [info] Getting token scopes...
2025-07-03 04:32:19.444 [info] Getting user info...
2025-07-03 04:32:19.651 [info] Got account info!
2025-07-03 04:32:19.651 [info] Storing 1 sessions...
2025-07-03 04:32:19.714 [info] Reading sessions from keychain...
2025-07-03 04:32:19.714 [info] Stored 1 sessions!
2025-07-03 04:32:19.714 [info] Login success!
2025-07-03 04:32:19.765 [info] Got stored sessions!
2025-07-03 04:32:19.765 [info] Got 1 verified sessions.
2025-07-03 04:32:19.949 [info] Getting sessions for read:user,repo,user:email,workflow...
2025-07-03 04:32:19.949 [info] Got 1 sessions for read:user,repo,user:email,workflow...
2025-07-03 04:33:59.217 [info] Getting sessions for read:user,repo,user:email,workflow...
2025-07-03 04:33:59.217 [info] Got 1 sessions for read:user,repo,user:email,workflow...
2025-07-03 04:34:21.028 [info] Getting sessions for read:user,repo,user:email,workflow...
2025-07-03 04:34:21.028 [info] Got 1 sessions for read:user,repo,user:email,workflow...
2025-07-03 04:37:55.258 [info] Getting sessions for read:user,repo,user:email,workflow...
2025-07-03 04:37:55.259 [info] Got 1 sessions for read:user,repo,user:email,workflow...
2025-07-03 04:37:56.355 [info] Getting sessions for read:user,repo,user:email,workflow...
2025-07-03 04:37:56.355 [info] Got 1 sessions for read:user,repo,user:email,workflow...
2025-07-03 04:45:11.491 [info] Getting sessions for read:user,repo,user:email,workflow...
2025-07-03 04:45:11.491 [info] Got 1 sessions for read:user,repo,user:email,workflow...
2025-07-03 04:45:14.747 [info] Getting sessions for read:user,repo,user:email,workflow...
2025-07-03 04:45:14.747 [info] Got 1 sessions for read:user,repo,user:email,workflow...
2025-07-03 05:15:52.839 [info] Getting sessions for read:user,repo,user:email,workflow...
2025-07-03 05:15:52.839 [info] Got 1 sessions for read:user,repo,user:email,workflow...
