2025-07-03T03:25:41:931 [info]: fetch: Detected no proxy settings
2025-07-03T03:25:41:940 [info]: [SupportedLanguageService] Initialized. Enabling the default Code Suggestions languages: c,cpp,csharp,go,haml,handlebars,java,javascript,javascriptreact,kotlin,python,php,ruby,rust,scala,shellscript,sql,swift,typescript,typescriptreact,svelte,terraform,terragrunt,vue
2025-07-03T03:25:42:038 [info]: GitLab Language Server is starting (v7.39.0)
2025-07-03T03:25:42:039 [info]: Applying 2 endpoints to connection.
2025-07-03T03:25:42:066 [info]: Building webview path for duo-workflow-panel
2025-07-03T03:25:42:066 [info]: WEBVIEW_PATH: /home/jpalzani/.codeoss/extensions/gitlab.gitlab-workflow-6.21.0-universal/assets/language-server/webviews/duo-workflow-panel
2025-07-03T03:25:42:070 [info]: Building webview path for duo-workflow
2025-07-03T03:25:42:070 [info]: WEBVIEW_PATH: /home/jpalzani/.codeoss/extensions/gitlab.gitlab-workflow-6.21.0-universal/assets/language-server/webviews/duo-workflow
2025-07-03T03:25:42:072 [info]: Building webview path for duo-chat
2025-07-03T03:25:42:072 [info]: WEBVIEW_PATH: /home/jpalzani/.codeoss/extensions/gitlab.gitlab-workflow-6.21.0-universal/assets/language-server/webviews/duo-chat
2025-07-03T03:25:42:073 [info]: Building webview path for agentic-duo-chat
2025-07-03T03:25:42:074 [info]: WEBVIEW_PATH: /home/jpalzani/.codeoss/extensions/gitlab.gitlab-workflow-6.21.0-universal/assets/language-server/webviews/agentic-duo-chat
2025-07-03T03:25:42:075 [info]: Building webview path for duo-chat-v2
2025-07-03T03:25:42:075 [info]: WEBVIEW_PATH: /home/jpalzani/.codeoss/extensions/gitlab.gitlab-workflow-6.21.0-universal/assets/language-server/webviews/duo-chat-v2
2025-07-03T03:25:42:076 [info]: Building webview path for security-vuln-details
2025-07-03T03:25:42:076 [info]: WEBVIEW_PATH: /home/jpalzani/.codeoss/extensions/gitlab.gitlab-workflow-6.21.0-universal/assets/language-server/webviews/security-vuln-details
2025-07-03T03:25:42:077 [info]: Building webview path for theming-preview
2025-07-03T03:25:42:077 [info]: WEBVIEW_PATH: /home/jpalzani/.codeoss/extensions/gitlab.gitlab-workflow-6.21.0-universal/assets/language-server/webviews/theming-preview
2025-07-03T03:25:42:085 [info]: [HttpServer]: server listening on http://127.0.0.1:38859/
2025-07-03T03:25:42:088 [info]: GitLab Language Server has started
2025-07-03T03:25:42:108 [info]: [WorkflowRailsService] Updated agent privileges: 1,2
2025-07-03T03:25:42:109 [info]: [WorkflowRailsService] Updated agent privileges: 1,2
2025-07-03T03:25:42:110 [info]: [WorkflowRailsService] Updated agent privileges: 1,2
2025-07-03T03:25:42:111 [info]: [WorkflowRailsService] Updated agent privileges: 1,2
2025-07-03T03:25:42:111 [info]: [WorkflowRailsService] Updated agent privileges: 1,2
2025-07-03T03:25:42:798 [info]: [VirtualFileSystemService] Registering watchers
2025-07-03T03:25:42:806 [info]: [WorkflowRailsService] Updated agent privileges: 1,2
