2025-07-03T04:19:02:007 [info]: PacProxyAgent not found
2025-07-03T04:19:08:041 [warning]: There is no GitLab account available. Sending empty credentials to GitLab Language Server
2025-07-03T04:19:08:254 [info]: handleRegisterCapability: {
      "id": "e30ae165-a096-44d9-9bc8-b64b80d6a234",
      "method": "workspace/didChangeWatchedFiles",
      "registerOptions": {
        "watchers": [
          {
            "globPattern": "**/*"
          }
        ]
      }
    }
2025-07-03T04:19:08:264 [info]: Extracted urls: []
2025-07-03T04:19:08:266 [info]: Extracted urls: []
2025-07-03T04:19:08:267 [info]: More recent project update in progress, discarding findings for urls: []
2025-07-03T04:19:08:268 [info]: Found 0 projects for urls: []
2025-07-03T04:19:08:269 [warning]: There is no GitLab account available. Sending empty credentials to GitLab Language Server
2025-07-03T04:19:08:374 [error]: No GitLab projectPath provided for agentic chat support check.
2025-07-03T04:24:04:270 [info]: Extracted urls: [
      "https://github.com/maker-io/next-saas-starter-kit.git"
    ]
2025-07-03T04:24:04:270 [info]: Found 0 projects for urls: [
      "https://github.com/maker-io/next-saas-starter-kit.git"
    ]
2025-07-03T04:24:04:271 [error]: No GitLab projectPath provided for agentic chat support check.
2025-07-03T04:24:04:271 [warning]: There is no GitLab account available. Sending empty credentials to GitLab Language Server
2025-07-03T04:32:21:651 [info]: Extracted urls: []
2025-07-03T04:32:21:652 [info]: Found 0 projects for urls: []
2025-07-03T04:32:21:653 [error]: No GitLab projectPath provided for agentic chat support check.
2025-07-03T04:32:21:653 [warning]: There is no GitLab account available. Sending empty credentials to GitLab Language Server
2025-07-03T04:37:52:764 [warning]: GitExtensionWrapper is missing repository for file:///home/jpalzani
2025-07-03T04:37:53:519 [info]: Extracted urls: [
      "https://github.com/Palzani1/localgenius-ai-mvp.git"
    ]
2025-07-03T04:37:53:519 [info]: Found 0 projects for urls: [
      "https://github.com/Palzani1/localgenius-ai-mvp.git"
    ]
2025-07-03T04:37:53:520 [error]: No GitLab projectPath provided for agentic chat support check.
2025-07-03T04:37:53:520 [warning]: There is no GitLab account available. Sending empty credentials to GitLab Language Server
2025-07-03T05:17:29:207 [info]: Extracted urls: []
2025-07-03T05:17:29:262 [info]: Found 0 projects for urls: []
2025-07-03T05:17:29:275 [error]: No GitLab projectPath provided for agentic chat support check.
