2025-06-10 02:15:30.119 [info] 2025-06-10T02:15:30.039Z extension INFO  Activating extension... [
  {
    id: 'mongodb.mongodb-vscode',
    version: '1.13.2',
    mode: 'Production',
    kind: 'Workspace',
    extensionPath: '/home/jpalzani/.codeoss/extensions/mongodb.mongodb-vscode-1.13.2-universal',
    logPath: '/home/jpalzani/.codeoss/data/logs/20250610T021517/exthost1/mongodb.mongodb-vscode',
    workspaceStoragePath: undefined,
    globalStoragePath: '/home/jpalzani/.codeoss/data/User/globalStorage/mongodb.mongodb-vscode',
    defaultConnectionSavingLocation: 'Global',
    buildInfo: {
      nodeVersion: 'v20.16.0',
      runtimePlatform: 'linux',
      runtimeArch: 'x64'
    }
  }
]

2025-06-10 02:15:30.119 [info] 2025-06-10T02:15:30.042Z language server controller INFO  Creating MongoDB Language Server... [
  {
    extensionPath: '/home/jpalzani/.codeoss/extensions/mongodb.mongodb-vscode-1.13.2-universal',
    languageServer: {
      id: 'mongodbLanguageServer',
      name: 'MongoDB Language Server',
      path: '/home/jpalzani/.codeoss/extensions/mongodb.mongodb-vscode-1.13.2-universal/dist/languageServer.js',
      documentSelector: '[{"pattern":"**/*.mongodb.js"},{"pattern":"**/*.mongodb"}]'
    }
  }
]

2025-06-10 02:15:30.119 [info] 2025-06-10T02:15:30.065Z participant INFO  Chat participant created [ { participantId: 'mongodb.participant' } ]

2025-06-10 02:15:30.119 [info] 2025-06-10T02:15:30.092Z language server controller INFO  Starting the language server... []

2025-06-10 02:15:30.153 [info] 2025-06-10T02:15:30.152Z telemetry INFO  Segment analytics activated [
  {
    anonymousId: '646854a7-8df3-4d19-80cd-0c4b84962f01',
    traits: {
      device_id: '2463faca1141add77f685d12b4fca84e1242b660a0843a13450e6d7515629157'
    }
  }
]

2025-06-10 02:15:35.290 [info] 2025-06-10T02:15:35.288Z webview controller INFO  Opening webview... []

2025-06-10 02:15:35.292 [info] 2025-06-10T02:15:35.292Z language server controller INFO  MongoDBService initialized. Sending default settings... {"extensionPath":"/home/jpalzani/.codeoss/extensions/mongodb.mongodb-vscode-1.13.2-universal","connectionId":null,"hasConnectionString":false,"hasConnectionOptions":false} []

2025-06-10 02:15:40.559 [info] 2025-06-10T02:15:40.559Z telemetry INFO  Telemetry sent [
  {
    anonymousId: '646854a7-8df3-4d19-80cd-0c4b84962f01',
    event: 'Command Run',
    properties: {
      extension_version: '1.13.2',
      device_id: '2463faca1141add77f685d12b4fca84e1242b660a0843a13450e6d7515629157',
      command: 'mdb.openOverviewPage'
    }
  }
]

2025-06-10 02:40:31.737 [info] 2025-06-10T02:40:31.729Z extension INFO  Deactivating extension... []

2025-06-10 02:40:31.737 [info] 2025-06-10T02:40:31.729Z connection controller INFO  Disconnect called, currently connected to [ null ]

2025-06-10 02:40:31.737 [info] 2025-06-10T02:40:31.730Z language server controller INFO  Changing MongoDBService active connection... [ { connectionId: null } ]

2025-06-10 02:40:31.737 [info] 2025-06-10T02:40:31.730Z connection controller ERROR Unable to disconnect: no active connection []

2025-06-10 02:40:31.737 [info] 2025-06-10T02:40:31.734Z connection controller INFO  Disconnect called, currently connected to [ null ]

2025-06-10 02:40:31.737 [info] 2025-06-10T02:40:31.734Z language server controller INFO  Changing MongoDBService active connection... [ { connectionId: null } ]

2025-06-10 02:40:31.738 [info] 2025-06-10T02:40:31.734Z connection controller ERROR Unable to disconnect: no active connection []

2025-06-10 02:40:31.739 [info] 2025-06-10T02:40:31.737Z language server controller INFO  Deactivating the language server... []

2025-06-10 02:40:31.739 [info] 2025-06-10T02:40:31.738Z language server controller INFO  Deactivating the language server... []

