2025-07-03T05:17:51:827 [info]: fetch: Detected no proxy settings
2025-07-03T05:17:51:838 [info]: [SupportedLanguageService] Initialized. Enabling the default Code Suggestions languages: c,cpp,csharp,go,haml,handlebars,java,javascript,javascriptreact,kotlin,python,php,ruby,rust,scala,shellscript,sql,swift,typescript,typescriptreact,svelte,terraform,terragrunt,vue
2025-07-03T05:17:51:995 [info]: GitLab Language Server is starting (v7.45.0)
2025-07-03T05:17:51:997 [info]: Applying 2 endpoints to connection.
2025-07-03T05:17:52:040 [info]: Building webview path for duo-workflow-panel
2025-07-03T05:17:52:040 [info]: WEBVIEW_PATH: /home/jpalzani/.codeoss/extensions/gitlab.gitlab-workflow-6.31.0-universal/assets/language-server/webviews/duo-workflow-panel
2025-07-03T05:17:52:047 [info]: Building webview path for duo-workflow
2025-07-03T05:17:52:048 [info]: WEBVIEW_PATH: /home/jpalzani/.codeoss/extensions/gitlab.gitlab-workflow-6.31.0-universal/assets/language-server/webviews/duo-workflow
2025-07-03T05:17:52:050 [info]: Building webview path for duo-chat
2025-07-03T05:17:52:050 [info]: WEBVIEW_PATH: /home/jpalzani/.codeoss/extensions/gitlab.gitlab-workflow-6.31.0-universal/assets/language-server/webviews/duo-chat
2025-07-03T05:17:52:052 [info]: Building webview path for agentic-duo-chat
2025-07-03T05:17:52:053 [info]: WEBVIEW_PATH: /home/jpalzani/.codeoss/extensions/gitlab.gitlab-workflow-6.31.0-universal/assets/language-server/webviews/agentic-duo-chat
2025-07-03T05:17:52:054 [info]: Building webview path for duo-chat-v2
2025-07-03T05:17:52:055 [info]: WEBVIEW_PATH: /home/jpalzani/.codeoss/extensions/gitlab.gitlab-workflow-6.31.0-universal/assets/language-server/webviews/duo-chat-v2
2025-07-03T05:17:52:056 [info]: Building webview path for security-vuln-details
2025-07-03T05:17:52:057 [info]: WEBVIEW_PATH: /home/jpalzani/.codeoss/extensions/gitlab.gitlab-workflow-6.31.0-universal/assets/language-server/webviews/security-vuln-details
2025-07-03T05:17:52:058 [info]: Building webview path for theming-preview
2025-07-03T05:17:52:058 [info]: WEBVIEW_PATH: /home/jpalzani/.codeoss/extensions/gitlab.gitlab-workflow-6.31.0-universal/assets/language-server/webviews/theming-preview
2025-07-03T05:17:52:069 [info]: [HttpServer]: server listening on http://127.0.0.1:45075/
2025-07-03T05:17:52:073 [info]: GitLab Language Server has started
2025-07-03T05:17:52:084 [info]: [WorkflowRailsService] Updated agent privileges: 1,2
2025-07-03T05:17:52:086 [info]: [WorkflowRailsService] Updated agent privileges: 1,2
2025-07-03T05:17:52:087 [info]: [WorkflowRailsService] Updated agent privileges: 1,2
2025-07-03T05:17:52:089 [info]: [WorkflowRailsService] Updated agent privileges: 1,2
2025-07-03T05:17:52:090 [info]: [WorkflowRailsService] Updated agent privileges: 1,2
2025-07-03T05:17:52:113 [info]: [VirtualFileSystemService] Registering watchers
2025-07-03T05:17:52:125 [info]: [WorkflowRailsService] Updated agent privileges: 1,2
